0 info it worked if it ends with ok
1 verbose cli [ '/usr/local/bin/node', '/Users/matt/.node/bin/npm', 'start' ]
2 info using npm@3.3.8
3 info using node@v4.2.1
4 verbose run-script [ 'prestart', 'start', 'poststart' ]
5 info lifecycle james_api_1@0.0.0~prestart: james_api_1@0.0.0
6 silly lifecycle james_api_1@0.0.0~prestart: no script for prestart, continuing
7 info lifecycle james_api_1@0.0.0~start: james_api_1@0.0.0
8 verbose lifecycle james_api_1@0.0.0~start: unsafe-perm in lifecycle true
9 verbose lifecycle james_api_1@0.0.0~start: PATH: /Users/matt/.node/lib/node_modules/npm/bin/node-gyp-bin:/Users/matt/develop/projects/james_api_1/node_modules/.bin:/usr/local/heroku/bin:/Users/matt/.rbenv/shims:/Users/matt/.rbenv/bin:/Users/matt/.node/bin:/usr/local/bin:/usr/local/sbin:/usr/bin:/bin:/usr/sbin:/sbin:/opt/X11/bin
10 verbose lifecycle james_api_1@0.0.0~start: CWD: /Users/matt/develop/projects/james_api_1
11 silly lifecycle james_api_1@0.0.0~start: Args: [ '-c', 'node ./bin/www' ]
12 silly lifecycle james_api_1@0.0.0~start: Returned: code: 1  signal: null
13 info lifecycle james_api_1@0.0.0~start: Failed to exec start script
14 verbose stack Error: james_api_1@0.0.0 start: `node ./bin/www`
14 verbose stack Exit status 1
14 verbose stack     at EventEmitter.<anonymous> (/Users/matt/.node/lib/node_modules/npm/lib/utils/lifecycle.js:233:16)
14 verbose stack     at emitTwo (events.js:87:13)
14 verbose stack     at EventEmitter.emit (events.js:172:7)
14 verbose stack     at ChildProcess.<anonymous> (/Users/matt/.node/lib/node_modules/npm/lib/utils/spawn.js:24:14)
14 verbose stack     at emitTwo (events.js:87:13)
14 verbose stack     at ChildProcess.emit (events.js:172:7)
14 verbose stack     at maybeClose (internal/child_process.js:818:16)
14 verbose stack     at Process.ChildProcess._handle.onexit (internal/child_process.js:211:5)
15 verbose pkgid james_api_1@0.0.0
16 verbose cwd /Users/matt/develop/projects/james_api_1
17 error Darwin 14.5.0
18 error argv "/usr/local/bin/node" "/Users/matt/.node/bin/npm" "start"
19 error node v4.2.1
20 error npm  v3.3.8
21 error code ELIFECYCLE
22 error james_api_1@0.0.0 start: `node ./bin/www`
22 error Exit status 1
23 error Failed at the james_api_1@0.0.0 start script 'node ./bin/www'.
23 error This is most likely a problem with the james_api_1 package,
23 error not with npm itself.
23 error Tell the author that this fails on your system:
23 error     node ./bin/www
23 error You can get their info via:
23 error     npm owner ls james_api_1
23 error There is likely additional logging output above.
24 verbose exit [ 1, true ]
